<?xml version="1.0" encoding="UTF-8"?>
<!-- Generated by org.testng.reporters.JUnitReportReporter -->
<testsuite skipped="0" hostname="DESKTOP-31GCON5" name="smokeTest.GoogleTest" tests="2" failures="0" timestamp="2020-03-02T15:05:11 IST" time="15.901" errors="0">
  <testcase name="loginTest" time="7.574" classname="smokeTest.GoogleTest"/>
  <testcase name="loginTest" time="8.327" classname="smokeTest.GoogleTest"/>
</testsuite> <!-- smokeTest.GoogleTest -->
