<?xml version="1.0" encoding="UTF-8"?>
<!-- Generated by org.testng.reporters.JUnitReportReporter -->
<testsuite skipped="0" hostname="DESKTOP-31GCON5" name="smokeTest.OrangeHRMTest" tests="1" failures="0" timestamp="2020-03-02T15:04:46 IST" time="6.320" errors="0">
  <testcase name="loginTest" time="6.320" classname="smokeTest.OrangeHRMTest"/>
</testsuite> <!-- smokeTest.OrangeHRMTest -->
