<?xml version="1.0" encoding="UTF-8"?>
<!-- Generated by org.testng.reporters.JUnitReportReporter -->
<testsuite skipped="0" hostname="DESKTOP-31GCON5" name="smokeTest.GoogleTest" tests="1" failures="0" timestamp="2020-03-01T14:44:05 IST" time="5.089" errors="0">
  <testcase name="loginTest" time="5.089" classname="smokeTest.GoogleTest"/>
</testsuite> <!-- smokeTest.GoogleTest -->
